/bin/bash: /opt/alt/php82/usr/local/bin/php: No such file or directory
/bin/bash: /opt/alt/php82/usr/local/bin/php: No such file or directory
/bin/bash: /opt/alt/php82/usr/local/bin/php: No such file or directory
/bin/bash: /opt/alt/php82/usr/local/bin/php: No such file or directory
/bin/bash: usr/local/bin/php: No such file or directory
Found 1 stuck documents:
- ID: 1 | Profil Kemiskinan Provinsi Sulawesi Utara Maret 2025 | Status: pending
🔄 Requeued document 1: Profil Kemiskinan Provinsi Sulawesi Utara Maret 2025
✅ Requeued 1 documents
✅ No stuck documents found
Found 1 stuck documents:
- ID: 1 | Profil Kemiskinan Provinsi Sulawesi Utara Maret 2025 | Status: pending
🔄 Requeued document 1: Profil Kemiskinan Provinsi Sulawesi Utara Maret 2025
✅ Requeued 1 documents
Found 1 stuck documents:
- ID: 1 | Profil Kemiskinan Provinsi Sulawesi Utara Maret 2025 | Status: pending
🔄 Requeued document 1: Profil Kemiskinan Provinsi Sulawesi Utara Maret 2025
✅ Requeued 1 documents
✅ No stuck documents found
✅ No stuck documents found
